0 info it worked if it ends with ok
1 verbose cli [ '/usr/local/bin/iojs', '/usr/local/bin/npm', 'run', 'test' ]
2 info using npm@3.7.2
3 info using node@v4.2.2
4 verbose run-script [ 'pretest', 'test', 'posttest' ]
5 info lifecycle github-ls@0.0.1~pretest: github-ls@0.0.1
6 silly lifecycle github-ls@0.0.1~pretest: no script for pretest, continuing
7 info lifecycle github-ls@0.0.1~test: github-ls@0.0.1
8 verbose lifecycle github-ls@0.0.1~test: unsafe-perm in lifecycle true
9 verbose lifecycle github-ls@0.0.1~test: PATH: /usr/local/lib/node_modules/npm/bin/node-gyp-bin:/Users/martin/Private/projects/github-ls/node_modules/.bin:/usr/local/bin:/Users/martin/gocode/bin:/usr/local/bin:/Users/martin/.npm/:/opt/local/bin/node:/Users/martin/AWS-ElasticBeanstalk-CLI-2.6.0/eb/macosx/python2.7:/Users/martin/AWS-ElasticBeanstalk-CLI-2.6.0/api/bin:/usr/bin:/bin:/usr/sbin:/sbin:/Users/martin/Library/Android/sdk/platform-tools/
10 verbose lifecycle github-ls@0.0.1~test: CWD: /Users/martin/Private/projects/github-ls
11 silly lifecycle github-ls@0.0.1~test: Args: [ '-c', 'standard && npm run tap' ]
12 silly lifecycle github-ls@0.0.1~test: Returned: code: 1  signal: null
13 info lifecycle github-ls@0.0.1~test: Failed to exec test script
14 verbose stack Error: github-ls@0.0.1 test: `standard && npm run tap`
14 verbose stack Exit status 1
14 verbose stack     at EventEmitter.<anonymous> (/usr/local/lib/node_modules/npm/lib/utils/lifecycle.js:239:16)
14 verbose stack     at emitTwo (events.js:87:13)
14 verbose stack     at EventEmitter.emit (events.js:172:7)
14 verbose stack     at ChildProcess.<anonymous> (/usr/local/lib/node_modules/npm/lib/utils/spawn.js:24:14)
14 verbose stack     at emitTwo (events.js:87:13)
14 verbose stack     at ChildProcess.emit (events.js:172:7)
14 verbose stack     at maybeClose (internal/child_process.js:818:16)
14 verbose stack     at Process.ChildProcess._handle.onexit (internal/child_process.js:211:5)
15 verbose pkgid github-ls@0.0.1
16 verbose cwd /Users/martin/Private/projects/github-ls
17 error Darwin 15.2.0
18 error argv "/usr/local/bin/iojs" "/usr/local/bin/npm" "run" "test"
19 error node v4.2.2
20 error npm  v3.7.2
21 error code ELIFECYCLE
22 error github-ls@0.0.1 test: `standard && npm run tap`
22 error Exit status 1
23 error Failed at the github-ls@0.0.1 test script 'standard && npm run tap'.
23 error Make sure you have the latest version of node.js and npm installed.
23 error If you do, this is most likely a problem with the github-ls package,
23 error not with npm itself.
23 error Tell the author that this fails on your system:
23 error     standard && npm run tap
23 error You can get information on how to open an issue for this project with:
23 error     npm bugs github-ls
23 error Or if that isn't available, you can get their info via:
23 error     npm owner ls github-ls
23 error There is likely additional logging output above.
24 verbose exit [ 1, true ]
